<?xml version="1.0" encoding="UTF-8"?>
<!-- Generated by org.testng.reporters.JUnitReportReporter -->
<testsuite hostname="ASDP1756PO02529" name="com.qait.MobileTesting.BBCNewsMobileAppTest" tests="1" failures="0" timestamp="29 Jul 2019 09:20:54 GMT" time="4.021" errors="0">
  <testcase name="testCal" time="4.021" classname="com.qait.MobileTesting.BBCNewsMobileAppTest"/>
</testsuite> <!-- com.qait.MobileTesting.BBCNewsMobileAppTest -->
