<?xml version="1.0" encoding="UTF-8"?>
<!-- Generated by org.testng.reporters.JUnitReportReporter -->
<testsuite hostname="ASDP1756PO02529" name="com.qait.MobileTesting.YoutubeMobileTesting" tests="1" failures="0" timestamp="29 Jul 2019 11:41:53 GMT" time="12.154" errors="0">
  <testcase name="rough" time="12.154" classname="com.qait.MobileTesting.YoutubeMobileTesting"/>
</testsuite> <!-- com.qait.MobileTesting.YoutubeMobileTesting -->
