<?xml version="1.0" encoding="UTF-8"?>
<!-- Generated by org.testng.reporters.JUnitReportReporter -->
<testsuite hostname="ASDP1756PO02529" name="com.qait.MobileTesting.TOIMobileBrowserTest" tests="1" failures="0" timestamp="29 Jul 2019 08:52:32 GMT" time="42.206" errors="0">
  <testcase name="verifyTitle" time="42.206" classname="com.qait.MobileTesting.TOIMobileBrowserTest"/>
</testsuite> <!-- com.qait.MobileTesting.TOIMobileBrowserTest -->
