<?xml version="1.0" encoding="UTF-8"?>
<!-- Generated by org.testng.reporters.JUnitReportReporter -->
<testsuite hostname="ASDP1756PO02529" name="com.qait.MobileTesting.BBCNewsMobileTesting" tests="1" failures="0" timestamp="29 Jul 2019 10:16:58 GMT" time="0.010" errors="0">
  <testcase name="rough" time="0.010" classname="com.qait.MobileTesting.BBCNewsMobileTesting"/>
</testsuite> <!-- com.qait.MobileTesting.BBCNewsMobileTesting -->
