<?xml version="1.0" encoding="UTF-8"?>
<!-- Generated by org.testng.reporters.JUnitReportReporter -->
<testsuite hostname="ASDP1756PO02529" name="com.qait.MobileTesting.NewTest" tests="1" failures="0" timestamp="29 Jul 2019 08:45:45 GMT" time="33.924" errors="0">
  <testcase name="verifyTitle" time="33.924" classname="com.qait.MobileTesting.NewTest"/>
</testsuite> <!-- com.qait.MobileTesting.NewTest -->
